Using pre-set license
Built from '2021.1/staging' branch; Version is '2021.1.0b4 (6d90c0720bd4) revision 7180480'; Using compiler version '192528614'; Build Type 'Release'
OS: 'Windows 7  (6.1.0) 64bit' Language: 'pt' Physical Memory: 6018 MB
BatchMode: 1, IsHumanControllingUs: 0, StartBugReporterOnCrash: 0, Is64bit: 1, IsPro: 0

 COMMAND LINE ARGUMENTS:
C:\Program Files\Unity\Hub\Editor\2021.1.0b4\Editor\Unity.exe
-adb2
-batchMode
-noUpm
-name
AssetImportWorker0
-projectPath
C:/Users/Murilo/Unity/ARVORE Challenge - Snake
-logFile
Logs/AssetImportWorker0.log
-srvPort
53801
Successfully changed project path to: C:/Users/Murilo/Unity/ARVORE Challenge - Snake
C:/Users/Murilo/Unity/ARVORE Challenge - Snake
Using Asset Import Pipeline V2.
Refreshing native plugins compatible for Editor in 61.68 ms, found 0 plugins.
Preloading 0 native plugins for Editor in 0.00 ms.
Initialize engine version: 2021.1.0b4 (6d90c0720bd4)
[Subsystems] Discovering subsystems at path C:/Program Files/Unity/Hub/Editor/2021.1.0b4/Editor/Data/Resources/UnitySubsystems
[Subsystems] Discovering subsystems at path C:/Users/Murilo/Unity/ARVORE Challenge - Snake/Assets
GfxDevice: creating device client; threaded=0; jobified=0
d3d11: CreateDXGIFactory2(...) not found, fallbacking to CreateDXGIFactory1(...).
d3d11: QueryInterface(IDXGIFactory5) failed (80004002).
Direct3D:
    Version:  Direct3D 11.0 [level 11.0]
    Renderer: Intel(R) HD Graphics (ID=0x152)
    Vendor:   Intel
    VRAM:     1632 MB
    Driver:   10.18.10.4276
Initialize mono
Mono path[0] = 'C:/Program Files/Unity/Hub/Editor/2021.1.0b4/Editor/Data/Managed'
Mono path[1] = 'C:/Program Files/Unity/Hub/Editor/2021.1.0b4/Editor/Data/MonoBleedingEdge/lib/mono/unityjit'
Mono config path = 'C:/Program Files/Unity/Hub/Editor/2021.1.0b4/Editor/Data/MonoBleedingEdge/etc'
Using monoOptions --debugger-agent=transport=dt_socket,embedding=1,server=y,suspend=n,address=127.0.0.1:56568
Begin MonoManager ReloadAssembly
Registering precompiled unity dll's ...
Register platform support module: C:/Program Files/Unity/Hub/Editor/2021.1.0b4/Editor/Data/PlaybackEngines/WindowsStandaloneSupport/UnityEditor.WindowsStandalone.Extensions.dll
Registered in 0.001764 seconds.
Native extension for WindowsStandalone target not found
Refreshing native plugins compatible for Editor in 50.41 ms, found 0 plugins.
Preloading 0 native plugins for Editor in 0.00 ms.
Mono: successfully reloaded assembly
- Completed reload, in  1.664 seconds
Platform modules already initialized, skipping
Registering precompiled user dll's ...
Registered in 0.004443 seconds.
Begin MonoManager ReloadAssembly
Native extension for WindowsStandalone target not found
Refreshing native plugins compatible for Editor in 0.61 ms, found 0 plugins.
Preloading 0 native plugins for Editor in 0.00 ms.
UnityIAP: [InitializeOnLoad] Facebook Check
UnityIAP: Runtime [2021.1.0b4]
UnityIAP: Current Build is Standalone:StandaloneWindows
UnityIAP: stub FacebookStore.dll disabled
Mono: successfully reloaded assembly
- Completed reload, in  1.442 seconds
Platform modules already initialized, skipping
========================================================================
Worker process is ready to serve import requests
Launched and connected shader compiler UnityShaderCompiler.exe after 0.08 seconds
Refreshing native plugins compatible for Editor in 0.59 ms, found 0 plugins.
Preloading 0 native plugins for Editor in 0.00 ms.
Unloading 1642 Unused Serialized files (Serialized files now loaded: 0)
System memory in use before: 205.4 MB.
System memory in use after: 205.4 MB.

Unloading 45 unused Assets to reduce memory usage. Loaded Objects now: 2074.
Total: 14.298481 ms (FindLiveObjects: 0.172951 ms CreateObjectMapping: 0.083910 ms MarkObjects: 13.948916 ms  DeleteObjects: 0.089040 ms)

========================================================================
Received Import Request.
  path: Assets/Scripts/Snakes/NpcControlSnake.cs
  artifactKey: Guid(ffcfed6fe9593b14cad43fe55ca197f5) Importer(815301076,1909f56bfc062723c751e8b465ee728b)
Start importing Assets/Scripts/Snakes/NpcControlSnake.cs using Guid(ffcfed6fe9593b14cad43fe55ca197f5) Importer(815301076,1909f56bfc062723c751e8b465ee728b)  -> (artifact id: '7812aa86f3370cb153e730af5c327d9c') in 2.649292 seconds 
========================================================================
Received Import Request.
  Time since last request: 942.533842 seconds.
  path: Assets/Scripts/Snakes/NpcControlSnake.cs
  artifactKey: Guid(ffcfed6fe9593b14cad43fe55ca197f5) Importer(815301076,1909f56bfc062723c751e8b465ee728b)
Start importing Assets/Scripts/Snakes/NpcControlSnake.cs using Guid(ffcfed6fe9593b14cad43fe55ca197f5) Importer(815301076,1909f56bfc062723c751e8b465ee728b)  -> (artifact id: 'e6e7c740534d49a79dff1d2a054c54fb') in 0.004916 seconds 
========================================================================
Received Import Request.
  Time since last request: 1.490233 seconds.
  path: Assets/Scripts/Snakes/NpcControlSnake.cs
  artifactKey: Guid(ffcfed6fe9593b14cad43fe55ca197f5) Importer(815301076,1909f56bfc062723c751e8b465ee728b)
Start importing Assets/Scripts/Snakes/NpcControlSnake.cs using Guid(ffcfed6fe9593b14cad43fe55ca197f5) Importer(815301076,1909f56bfc062723c751e8b465ee728b)  -> (artifact id: 'd04578dbd2e055a9f6ecfbf99b1825b6') in 0.004122 seconds 
========================================================================
Received Import Request.
  Time since last request: 2952.896017 seconds.
  path: Assets/Scripts/Snakes/NpcControlSnake.cs
  artifactKey: Guid(ffcfed6fe9593b14cad43fe55ca197f5) Importer(815301076,1909f56bfc062723c751e8b465ee728b)
Start importing Assets/Scripts/Snakes/NpcControlSnake.cs using Guid(ffcfed6fe9593b14cad43fe55ca197f5) Importer(815301076,1909f56bfc062723c751e8b465ee728b)  -> (artifact id: '8ceb4dd1d900ed07450b88cd8dc9c2a5') in 0.011221 seconds 
========================================================================
Received Import Request.
  Time since last request: 8.975405 seconds.
  path: Assets/Scripts/Snakes/NpcControlSnake.cs
  artifactKey: Guid(ffcfed6fe9593b14cad43fe55ca197f5) Importer(815301076,1909f56bfc062723c751e8b465ee728b)
Start importing Assets/Scripts/Snakes/NpcControlSnake.cs using Guid(ffcfed6fe9593b14cad43fe55ca197f5) Importer(815301076,1909f56bfc062723c751e8b465ee728b)  -> (artifact id: 'bb6b5819afc3007ff913390aee016511') in 0.007171 seconds 
========================================================================
Received Prepare
Registering precompiled user dll's ...
Registered in 0.531988 seconds.
Begin MonoManager ReloadAssembly
Native extension for WindowsStandalone target not found
Refreshing native plugins compatible for Editor in 0.80 ms, found 0 plugins.
Preloading 0 native plugins for Editor in 0.00 ms.
UnityIAP: [InitializeOnLoad] Facebook Check
UnityIAP: Runtime [2021.1.0b4]
UnityIAP: Current Build is Standalone:StandaloneWindows
UnityIAP: stub FacebookStore.dll disabled
Mono: successfully reloaded assembly
- Completed reload, in  2.500 seconds
Platform modules already initialized, skipping
Refreshing native plugins compatible for Editor in 0.92 ms, found 0 plugins.
Preloading 0 native plugins for Editor in 0.00 ms.
Unloading 1636 Unused Serialized files (Serialized files now loaded: 0)
System memory in use before: 205.3 MB.
System memory in use after: 205.4 MB.

Unloading 36 unused Assets to reduce memory usage. Loaded Objects now: 2076.
Total: 9.337507 ms (FindLiveObjects: 0.298267 ms CreateObjectMapping: 0.091239 ms MarkObjects: 8.901100 ms  DeleteObjects: 0.042871 ms)

========================================================================
Received Prepare
Registering precompiled user dll's ...
Registered in 0.005027 seconds.
Begin MonoManager ReloadAssembly
Native extension for WindowsStandalone target not found
Refreshing native plugins compatible for Editor in 0.97 ms, found 0 plugins.
Preloading 0 native plugins for Editor in 0.00 ms.
UnityIAP: [InitializeOnLoad] Facebook Check
UnityIAP: Runtime [2021.1.0b4]
UnityIAP: Current Build is Standalone:StandaloneWindows
UnityIAP: stub FacebookStore.dll disabled
Mono: successfully reloaded assembly
- Completed reload, in  1.497 seconds
Platform modules already initialized, skipping
Refreshing native plugins compatible for Editor in 0.69 ms, found 0 plugins.
Preloading 0 native plugins for Editor in 0.00 ms.
Unloading 1636 Unused Serialized files (Serialized files now loaded: 0)
System memory in use before: 205.4 MB.
System memory in use after: 205.5 MB.

Unloading 36 unused Assets to reduce memory usage. Loaded Objects now: 2078.
Total: 7.182585 ms (FindLiveObjects: 0.246601 ms CreateObjectMapping: 0.088307 ms MarkObjects: 6.813599 ms  DeleteObjects: 0.031512 ms)

========================================================================
Received Prepare
Registering precompiled user dll's ...
Registered in 0.004296 seconds.
Begin MonoManager ReloadAssembly
Native extension for WindowsStandalone target not found
Refreshing native plugins compatible for Editor in 0.63 ms, found 0 plugins.
Preloading 0 native plugins for Editor in 0.00 ms.
UnityIAP: [InitializeOnLoad] Facebook Check
UnityIAP: Runtime [2021.1.0b4]
UnityIAP: Current Build is Standalone:StandaloneWindows
UnityIAP: stub FacebookStore.dll disabled
Mono: successfully reloaded assembly
- Completed reload, in  1.288 seconds
Platform modules already initialized, skipping
Refreshing native plugins compatible for Editor in 0.77 ms, found 0 plugins.
Preloading 0 native plugins for Editor in 0.00 ms.
Unloading 1636 Unused Serialized files (Serialized files now loaded: 0)
System memory in use before: 205.4 MB.
System memory in use after: 205.5 MB.

Unloading 36 unused Assets to reduce memory usage. Loaded Objects now: 2080.
Total: 7.931916 ms (FindLiveObjects: 0.243304 ms CreateObjectMapping: 0.164523 ms MarkObjects: 7.473890 ms  DeleteObjects: 0.047268 ms)

========================================================================
Received Import Request.
  Time since last request: 242.960982 seconds.
  path: Assets/Scripts/Snakes/NpcControlSnake.cs
  artifactKey: Guid(ffcfed6fe9593b14cad43fe55ca197f5) Importer(815301076,1909f56bfc062723c751e8b465ee728b)
Start importing Assets/Scripts/Snakes/NpcControlSnake.cs using Guid(ffcfed6fe9593b14cad43fe55ca197f5) Importer(815301076,1909f56bfc062723c751e8b465ee728b)  -> (artifact id: '6313ffddf27d6aff58337e1815862a2b') in 0.007755 seconds 
========================================================================
Received Prepare
Registering precompiled user dll's ...
Registered in 0.004228 seconds.
Begin MonoManager ReloadAssembly
Native extension for WindowsStandalone target not found
Refreshing native plugins compatible for Editor in 0.63 ms, found 0 plugins.
Preloading 0 native plugins for Editor in 0.00 ms.
UnityIAP: [InitializeOnLoad] Facebook Check
UnityIAP: Runtime [2021.1.0b4]
UnityIAP: Current Build is Standalone:StandaloneWindows
UnityIAP: stub FacebookStore.dll disabled
Mono: successfully reloaded assembly
- Completed reload, in  1.276 seconds
Platform modules already initialized, skipping
Refreshing native plugins compatible for Editor in 0.87 ms, found 0 plugins.
Preloading 0 native plugins for Editor in 0.00 ms.
Unloading 1636 Unused Serialized files (Serialized files now loaded: 0)
System memory in use before: 205.4 MB.
System memory in use after: 205.5 MB.

Unloading 36 unused Assets to reduce memory usage. Loaded Objects now: 2082.
Total: 17.384479 ms (FindLiveObjects: 0.171851 ms CreateObjectMapping: 0.080246 ms MarkObjects: 17.081816 ms  DeleteObjects: 0.048368 ms)

========================================================================
Received Import Request.
  Time since last request: 848.256871 seconds.
  path: Assets/Scripts/Snakes/NpcControlSnake.cs
  artifactKey: Guid(ffcfed6fe9593b14cad43fe55ca197f5) Importer(815301076,1909f56bfc062723c751e8b465ee728b)
Start importing Assets/Scripts/Snakes/NpcControlSnake.cs using Guid(ffcfed6fe9593b14cad43fe55ca197f5) Importer(815301076,1909f56bfc062723c751e8b465ee728b)  -> (artifact id: '88c64632329e34535dddc94b63236b09') in 0.007818 seconds 
========================================================================
Received Prepare
Registering precompiled user dll's ...
Registered in 0.004499 seconds.
Begin MonoManager ReloadAssembly
Native extension for WindowsStandalone target not found
Refreshing native plugins compatible for Editor in 0.64 ms, found 0 plugins.
Preloading 0 native plugins for Editor in 0.00 ms.
UnityIAP: [InitializeOnLoad] Facebook Check
UnityIAP: Runtime [2021.1.0b4]
UnityIAP: Current Build is Standalone:StandaloneWindows
UnityIAP: stub FacebookStore.dll disabled
Mono: successfully reloaded assembly
- Completed reload, in  1.233 seconds
Platform modules already initialized, skipping
Refreshing native plugins compatible for Editor in 0.66 ms, found 0 plugins.
Preloading 0 native plugins for Editor in 0.00 ms.
Unloading 1636 Unused Serialized files (Serialized files now loaded: 0)
System memory in use before: 205.4 MB.
System memory in use after: 205.5 MB.

Unloading 36 unused Assets to reduce memory usage. Loaded Objects now: 2084.
Total: 50.368968 ms (FindLiveObjects: 0.229746 ms CreateObjectMapping: 0.187241 ms MarkObjects: 49.913140 ms  DeleteObjects: 0.036276 ms)

========================================================================
Received Prepare
Registering precompiled user dll's ...
Registered in 0.004580 seconds.
Begin MonoManager ReloadAssembly
Native extension for WindowsStandalone target not found
Refreshing native plugins compatible for Editor in 0.65 ms, found 0 plugins.
Preloading 0 native plugins for Editor in 0.00 ms.
UnityIAP: [InitializeOnLoad] Facebook Check
UnityIAP: Runtime [2021.1.0b4]
UnityIAP: Current Build is Standalone:StandaloneWindows
UnityIAP: stub FacebookStore.dll disabled
Mono: successfully reloaded assembly
- Completed reload, in  1.250 seconds
Platform modules already initialized, skipping
Refreshing native plugins compatible for Editor in 0.67 ms, found 0 plugins.
Preloading 0 native plugins for Editor in 0.00 ms.
Unloading 1636 Unused Serialized files (Serialized files now loaded: 0)
System memory in use before: 205.4 MB.
System memory in use after: 205.5 MB.

Unloading 36 unused Assets to reduce memory usage. Loaded Objects now: 2086.
Total: 21.617375 ms (FindLiveObjects: 0.174416 ms CreateObjectMapping: 0.081712 ms MarkObjects: 21.330101 ms  DeleteObjects: 0.028581 ms)

========================================================================
Received Import Request.
  Time since last request: 60.653213 seconds.
  path: Assets/Scripts/Snakes/NpcControlSnake.cs
  artifactKey: Guid(ffcfed6fe9593b14cad43fe55ca197f5) Importer(815301076,1909f56bfc062723c751e8b465ee728b)
Start importing Assets/Scripts/Snakes/NpcControlSnake.cs using Guid(ffcfed6fe9593b14cad43fe55ca197f5) Importer(815301076,1909f56bfc062723c751e8b465ee728b)  -> (artifact id: '16a4c4a40944836d1945230213bae190') in 0.007258 seconds 
========================================================================
Received Prepare
Registering precompiled user dll's ...
Registered in 0.004269 seconds.
Begin MonoManager ReloadAssembly
Native extension for WindowsStandalone target not found
Refreshing native plugins compatible for Editor in 0.63 ms, found 0 plugins.
Preloading 0 native plugins for Editor in 0.00 ms.
UnityIAP: [InitializeOnLoad] Facebook Check
UnityIAP: Runtime [2021.1.0b4]
UnityIAP: Current Build is Standalone:StandaloneWindows
UnityIAP: stub FacebookStore.dll disabled
Mono: successfully reloaded assembly
- Completed reload, in  1.315 seconds
Platform modules already initialized, skipping
Refreshing native plugins compatible for Editor in 0.66 ms, found 0 plugins.
Preloading 0 native plugins for Editor in 0.00 ms.
Unloading 1636 Unused Serialized files (Serialized files now loaded: 0)
System memory in use before: 205.4 MB.
System memory in use after: 205.5 MB.

Unloading 36 unused Assets to reduce memory usage. Loaded Objects now: 2088.
Total: 7.653436 ms (FindLiveObjects: 0.242571 ms CreateObjectMapping: 0.162691 ms MarkObjects: 7.188448 ms  DeleteObjects: 0.057162 ms)

========================================================================
Received Import Request.
  Time since last request: 212.193108 seconds.
  path: Assets/Scripts/Snakes/NpcControlSnake.cs
  artifactKey: Guid(ffcfed6fe9593b14cad43fe55ca197f5) Importer(815301076,1909f56bfc062723c751e8b465ee728b)
Start importing Assets/Scripts/Snakes/NpcControlSnake.cs using Guid(ffcfed6fe9593b14cad43fe55ca197f5) Importer(815301076,1909f56bfc062723c751e8b465ee728b)  -> (artifact id: '57f9be34724a4cfd1b5e1ca13ea489f5') in 0.007342 seconds 
========================================================================
Received Prepare
Registering precompiled user dll's ...
Registered in 0.004198 seconds.
Begin MonoManager ReloadAssembly
Native extension for WindowsStandalone target not found
Refreshing native plugins compatible for Editor in 0.63 ms, found 0 plugins.
Preloading 0 native plugins for Editor in 0.00 ms.
UnityIAP: [InitializeOnLoad] Facebook Check
UnityIAP: Runtime [2021.1.0b4]
UnityIAP: Current Build is Standalone:StandaloneWindows
UnityIAP: stub FacebookStore.dll disabled
Mono: successfully reloaded assembly
- Completed reload, in  1.289 seconds
Platform modules already initialized, skipping
Refreshing native plugins compatible for Editor in 0.65 ms, found 0 plugins.
Preloading 0 native plugins for Editor in 0.00 ms.
Unloading 1636 Unused Serialized files (Serialized files now loaded: 0)
System memory in use before: 205.4 MB.
System memory in use after: 205.5 MB.

Unloading 36 unused Assets to reduce memory usage. Loaded Objects now: 2090.
Total: 7.203105 ms (FindLiveObjects: 0.179180 ms CreateObjectMapping: 0.079147 ms MarkObjects: 6.893479 ms  DeleteObjects: 0.048734 ms)

========================================================================
Received Import Request.
  Time since last request: 222.354321 seconds.
  path: Assets/Scripts/Snakes/NpcControlSnake.cs
  artifactKey: Guid(ffcfed6fe9593b14cad43fe55ca197f5) Importer(815301076,1909f56bfc062723c751e8b465ee728b)
Start importing Assets/Scripts/Snakes/NpcControlSnake.cs using Guid(ffcfed6fe9593b14cad43fe55ca197f5) Importer(815301076,1909f56bfc062723c751e8b465ee728b)  -> (artifact id: '5c0f7a0586ee28c690df8b5d8d438b09') in 0.007365 seconds 
========================================================================
Received Prepare
Registering precompiled user dll's ...
Registered in 0.004307 seconds.
Begin MonoManager ReloadAssembly
Native extension for WindowsStandalone target not found
Refreshing native plugins compatible for Editor in 0.65 ms, found 0 plugins.
Preloading 0 native plugins for Editor in 0.00 ms.
UnityIAP: [InitializeOnLoad] Facebook Check
UnityIAP: Runtime [2021.1.0b4]
UnityIAP: Current Build is Standalone:StandaloneWindows
UnityIAP: stub FacebookStore.dll disabled
Mono: successfully reloaded assembly
- Completed reload, in  1.285 seconds
Platform modules already initialized, skipping
Refreshing native plugins compatible for Editor in 0.80 ms, found 0 plugins.
Preloading 0 native plugins for Editor in 0.00 ms.
Unloading 1636 Unused Serialized files (Serialized files now loaded: 0)
System memory in use before: 205.4 MB.
System memory in use after: 205.5 MB.

Unloading 36 unused Assets to reduce memory usage. Loaded Objects now: 2092.
Total: 24.417931 ms (FindLiveObjects: 0.179913 ms CreateObjectMapping: 0.081345 ms MarkObjects: 24.121863 ms  DeleteObjects: 0.032245 ms)

========================================================================
Received Import Request.
  Time since last request: 168.777243 seconds.
  path: Assets/Scripts/Snakes/NpcControlSnake.cs
  artifactKey: Guid(ffcfed6fe9593b14cad43fe55ca197f5) Importer(815301076,1909f56bfc062723c751e8b465ee728b)
Start importing Assets/Scripts/Snakes/NpcControlSnake.cs using Guid(ffcfed6fe9593b14cad43fe55ca197f5) Importer(815301076,1909f56bfc062723c751e8b465ee728b)  -> (artifact id: '8eee3abfed9eab46ff57f512a87337a6') in 0.007892 seconds 
========================================================================
Received Prepare
Registering precompiled user dll's ...
Registered in 0.004208 seconds.
Begin MonoManager ReloadAssembly
Native extension for WindowsStandalone target not found
Refreshing native plugins compatible for Editor in 0.63 ms, found 0 plugins.
Preloading 0 native plugins for Editor in 0.00 ms.
UnityIAP: [InitializeOnLoad] Facebook Check
UnityIAP: Runtime [2021.1.0b4]
UnityIAP: Current Build is Standalone:StandaloneWindows
UnityIAP: stub FacebookStore.dll disabled
Mono: successfully reloaded assembly
- Completed reload, in  1.260 seconds
Platform modules already initialized, skipping
Refreshing native plugins compatible for Editor in 0.67 ms, found 0 plugins.
Preloading 0 native plugins for Editor in 0.00 ms.
Unloading 1636 Unused Serialized files (Serialized files now loaded: 0)
System memory in use before: 205.4 MB.
System memory in use after: 205.5 MB.

Unloading 36 unused Assets to reduce memory usage. Loaded Objects now: 2094.
Total: 41.687354 ms (FindLiveObjects: 0.238540 ms CreateObjectMapping: 0.168920 ms MarkObjects: 41.228229 ms  DeleteObjects: 0.048368 ms)

========================================================================
Received Prepare
Registering precompiled user dll's ...
Registered in 0.004226 seconds.
Begin MonoManager ReloadAssembly
Native extension for WindowsStandalone target not found
Refreshing native plugins compatible for Editor in 0.64 ms, found 0 plugins.
Preloading 0 native plugins for Editor in 0.00 ms.
UnityIAP: [InitializeOnLoad] Facebook Check
UnityIAP: Runtime [2021.1.0b4]
UnityIAP: Current Build is Standalone:StandaloneWindows
UnityIAP: stub FacebookStore.dll disabled
Mono: successfully reloaded assembly
- Completed reload, in  1.267 seconds
Platform modules already initialized, skipping
Refreshing native plugins compatible for Editor in 0.81 ms, found 0 plugins.
Preloading 0 native plugins for Editor in 0.00 ms.
Unloading 1636 Unused Serialized files (Serialized files now loaded: 0)
System memory in use before: 205.4 MB.
System memory in use after: 205.5 MB.

Unloading 36 unused Assets to reduce memory usage. Loaded Objects now: 2096.
Total: 7.984314 ms (FindLiveObjects: 0.230845 ms CreateObjectMapping: 0.163057 ms MarkObjects: 7.543143 ms  DeleteObjects: 0.044337 ms)

========================================================================
Received Prepare
Registering precompiled user dll's ...
Registered in 0.004433 seconds.
Begin MonoManager ReloadAssembly
Native extension for WindowsStandalone target not found
Refreshing native plugins compatible for Editor in 0.63 ms, found 0 plugins.
Preloading 0 native plugins for Editor in 0.00 ms.
UnityIAP: [InitializeOnLoad] Facebook Check
UnityIAP: Runtime [2021.1.0b4]
UnityIAP: Current Build is Standalone:StandaloneWindows
UnityIAP: stub FacebookStore.dll disabled
Mono: successfully reloaded assembly
- Completed reload, in  1.285 seconds
Platform modules already initialized, skipping
Refreshing native plugins compatible for Editor in 0.67 ms, found 0 plugins.
Preloading 0 native plugins for Editor in 0.00 ms.
Unloading 1636 Unused Serialized files (Serialized files now loaded: 0)
System memory in use before: 205.4 MB.
System memory in use after: 205.5 MB.

Unloading 36 unused Assets to reduce memory usage. Loaded Objects now: 2098.
Total: 33.129957 ms (FindLiveObjects: 0.249899 ms CreateObjectMapping: 0.175516 ms MarkObjects: 32.643717 ms  DeleteObjects: 0.057528 ms)

========================================================================
Received Prepare
Registering precompiled user dll's ...
Registered in 0.004676 seconds.
Begin MonoManager ReloadAssembly
Native extension for WindowsStandalone target not found
Refreshing native plugins compatible for Editor in 0.70 ms, found 0 plugins.
Preloading 0 native plugins for Editor in 0.00 ms.
UnityIAP: [InitializeOnLoad] Facebook Check
UnityIAP: Runtime [2021.1.0b4]
UnityIAP: Current Build is Standalone:StandaloneWindows
UnityIAP: stub FacebookStore.dll disabled
Mono: successfully reloaded assembly
- Completed reload, in  1.209 seconds
Platform modules already initialized, skipping
Refreshing native plugins compatible for Editor in 0.64 ms, found 0 plugins.
Preloading 0 native plugins for Editor in 0.00 ms.
Unloading 1636 Unused Serialized files (Serialized files now loaded: 0)
System memory in use before: 205.4 MB.
System memory in use after: 205.5 MB.

Unloading 36 unused Assets to reduce memory usage. Loaded Objects now: 2100.
Total: 9.689271 ms (FindLiveObjects: 0.174050 ms CreateObjectMapping: 0.078781 ms MarkObjects: 9.400898 ms  DeleteObjects: 0.033711 ms)

AssetImportWorkerClient::OnTransportError - code=2 error=End of file
