Using pre-set license
Built from '2021.1/staging' branch; Version is '2021.1.0b4 (6d90c0720bd4) revision 7180480'; Using compiler version '192528614'; Build Type 'Release'
OS: 'Windows 7  (6.1.0) 64bit' Language: 'pt' Physical Memory: 6018 MB
BatchMode: 1, IsHumanControllingUs: 0, StartBugReporterOnCrash: 0, Is64bit: 1, IsPro: 0

 COMMAND LINE ARGUMENTS:
C:\Program Files\Unity\Hub\Editor\2021.1.0b4\Editor\Unity.exe
-adb2
-batchMode
-noUpm
-name
AssetImportWorker0
-projectPath
C:/Users/Murilo/Unity/ARVORE Challenge - Snake
-logFile
Logs/AssetImportWorker0.log
-srvPort
49234
Successfully changed project path to: C:/Users/Murilo/Unity/ARVORE Challenge - Snake
C:/Users/Murilo/Unity/ARVORE Challenge - Snake
Using Asset Import Pipeline V2.
Refreshing native plugins compatible for Editor in 105.54 ms, found 0 plugins.
Preloading 0 native plugins for Editor in 0.00 ms.
Initialize engine version: 2021.1.0b4 (6d90c0720bd4)
[Subsystems] Discovering subsystems at path C:/Program Files/Unity/Hub/Editor/2021.1.0b4/Editor/Data/Resources/UnitySubsystems
[Subsystems] Discovering subsystems at path C:/Users/Murilo/Unity/ARVORE Challenge - Snake/Assets
GfxDevice: creating device client; threaded=0; jobified=0
d3d11: CreateDXGIFactory2(...) not found, fallbacking to CreateDXGIFactory1(...).
d3d11: QueryInterface(IDXGIFactory5) failed (80004002).
Direct3D:
    Version:  Direct3D 11.0 [level 11.0]
    Renderer: Intel(R) HD Graphics (ID=0x152)
    Vendor:   Intel
    VRAM:     1632 MB
    Driver:   10.18.10.4276
Initialize mono
Mono path[0] = 'C:/Program Files/Unity/Hub/Editor/2021.1.0b4/Editor/Data/Managed'
Mono path[1] = 'C:/Program Files/Unity/Hub/Editor/2021.1.0b4/Editor/Data/MonoBleedingEdge/lib/mono/unityjit'
Mono config path = 'C:/Program Files/Unity/Hub/Editor/2021.1.0b4/Editor/Data/MonoBleedingEdge/etc'
Using monoOptions --debugger-agent=transport=dt_socket,embedding=1,server=y,suspend=n,address=127.0.0.1:56412
Begin MonoManager ReloadAssembly
Registering precompiled unity dll's ...
Register platform support module: C:/Program Files/Unity/Hub/Editor/2021.1.0b4/Editor/Data/PlaybackEngines/WindowsStandaloneSupport/UnityEditor.WindowsStandalone.Extensions.dll
Registered in 0.002183 seconds.
Native extension for WindowsStandalone target not found
Refreshing native plugins compatible for Editor in 109.13 ms, found 0 plugins.
Preloading 0 native plugins for Editor in 0.00 ms.
Mono: successfully reloaded assembly
- Completed reload, in  4.453 seconds
Platform modules already initialized, skipping
Registering precompiled user dll's ...
Registered in 0.005494 seconds.
Begin MonoManager ReloadAssembly
Native extension for WindowsStandalone target not found
Refreshing native plugins compatible for Editor in 1.11 ms, found 0 plugins.
Preloading 0 native plugins for Editor in 0.00 ms.
UnityIAP: [InitializeOnLoad] Facebook Check
UnityIAP: Runtime [2021.1.0b4]
UnityIAP: Current Build is Standalone:StandaloneWindows
UnityIAP: stub FacebookStore.dll disabled
Mono: successfully reloaded assembly
- Completed reload, in  7.358 seconds
Platform modules already initialized, skipping
========================================================================
Worker process is ready to serve import requests
Launched and connected shader compiler UnityShaderCompiler.exe after 0.06 seconds
Refreshing native plugins compatible for Editor in 0.61 ms, found 0 plugins.
Preloading 0 native plugins for Editor in 0.00 ms.
Unloading 1630 Unused Serialized files (Serialized files now loaded: 0)
System memory in use before: 205.1 MB.
System memory in use after: 205.1 MB.

Unloading 45 unused Assets to reduce memory usage. Loaded Objects now: 2062.
Total: 64.274777 ms (FindLiveObjects: 0.245135 ms CreateObjectMapping: 0.081345 ms MarkObjects: 63.860722 ms  DeleteObjects: 0.085376 ms)

========================================================================
Received Import Request.
  path: Assets/Scripts/Grid and Slots/BatteringRamPhaseArea.cs
  artifactKey: Guid(74fe2189b2e0d164bb6324c4956b2a1d) Importer(815301076,1909f56bfc062723c751e8b465ee728b)
Start importing Assets/Scripts/Grid and Slots/BatteringRamPhaseArea.cs using Guid(74fe2189b2e0d164bb6324c4956b2a1d) Importer(815301076,1909f56bfc062723c751e8b465ee728b)  -> (artifact id: '00000000000000000000000000000000') in 1.833160 seconds  code(4) message(Build asset version error: assets/scripts/grid and slots/batteringramphasearea.cs in SourceAssetDB has modification time of '2021-02-06T00:55:35.7155825Z' while content on disk has modification time of '2021-02-06T04:02:03.4253175Z')
  ERROR: Build asset version error: assets/scripts/grid and slots/batteringramphasearea.cs in SourceAssetDB has modification time of '2021-02-06T00:55:35.7155825Z' while content on disk has modification time of '2021-02-06T04:02:03.4253175Z'
========================================================================
Received Prepare
Registering precompiled user dll's ...
Registered in 0.004922 seconds.
Begin MonoManager ReloadAssembly
Native extension for WindowsStandalone target not found
Refreshing native plugins compatible for Editor in 1.14 ms, found 0 plugins.
Preloading 0 native plugins for Editor in 0.00 ms.
UnityIAP: [InitializeOnLoad] Facebook Check
UnityIAP: Runtime [2021.1.0b4]
UnityIAP: Current Build is Standalone:StandaloneWindows
UnityIAP: stub FacebookStore.dll disabled
Mono: successfully reloaded assembly
- Completed reload, in  6.927 seconds
Platform modules already initialized, skipping
Refreshing native plugins compatible for Editor in 1.65 ms, found 0 plugins.
Preloading 0 native plugins for Editor in 0.00 ms.
Unloading 1624 Unused Serialized files (Serialized files now loaded: 0)
System memory in use before: 205.0 MB.
System memory in use after: 205.1 MB.

Unloading 36 unused Assets to reduce memory usage. Loaded Objects now: 2064.
Total: 92.376602 ms (FindLiveObjects: 0.166355 ms CreateObjectMapping: 0.076948 ms MarkObjects: 92.103619 ms  DeleteObjects: 0.027481 ms)

========================================================================
Received Import Request.
  Time since last request: 116.759698 seconds.
  path: Assets/Scripts/Grid and Slots/BatteringRamPhaseArea.cs
  artifactKey: Guid(74fe2189b2e0d164bb6324c4956b2a1d) Importer(815301076,1909f56bfc062723c751e8b465ee728b)
Start importing Assets/Scripts/Grid and Slots/BatteringRamPhaseArea.cs using Guid(74fe2189b2e0d164bb6324c4956b2a1d) Importer(815301076,1909f56bfc062723c751e8b465ee728b)  -> (artifact id: 'dc6e9f8492da4c54489a48f7a1bf397e') in 0.031847 seconds 
========================================================================
Received Prepare
Registering precompiled user dll's ...
Registered in 0.005107 seconds.
Begin MonoManager ReloadAssembly
Native extension for WindowsStandalone target not found
Refreshing native plugins compatible for Editor in 1.14 ms, found 0 plugins.
Preloading 0 native plugins for Editor in 0.00 ms.
UnityIAP: [InitializeOnLoad] Facebook Check
UnityIAP: Runtime [2021.1.0b4]
UnityIAP: Current Build is Standalone:StandaloneWindows
UnityIAP: stub FacebookStore.dll disabled
Mono: successfully reloaded assembly
- Completed reload, in  6.937 seconds
Platform modules already initialized, skipping
Refreshing native plugins compatible for Editor in 1.72 ms, found 0 plugins.
Preloading 0 native plugins for Editor in 0.00 ms.
Unloading 1624 Unused Serialized files (Serialized files now loaded: 0)
System memory in use before: 205.0 MB.
System memory in use after: 205.2 MB.

Unloading 36 unused Assets to reduce memory usage. Loaded Objects now: 2066.
Total: 33.481965 ms (FindLiveObjects: 0.165622 ms CreateObjectMapping: 0.076215 ms MarkObjects: 33.195425 ms  DeleteObjects: 0.042871 ms)

========================================================================
Received Prepare
Registering precompiled user dll's ...
Registered in 0.005282 seconds.
Begin MonoManager ReloadAssembly
Native extension for WindowsStandalone target not found
Refreshing native plugins compatible for Editor in 1.12 ms, found 0 plugins.
Preloading 0 native plugins for Editor in 0.00 ms.
UnityIAP: [InitializeOnLoad] Facebook Check
UnityIAP: Runtime [2021.1.0b4]
UnityIAP: Current Build is Standalone:StandaloneWindows
UnityIAP: stub FacebookStore.dll disabled
Mono: successfully reloaded assembly
- Completed reload, in  6.950 seconds
Platform modules already initialized, skipping
Refreshing native plugins compatible for Editor in 13.71 ms, found 0 plugins.
Preloading 0 native plugins for Editor in 0.00 ms.
Unloading 1624 Unused Serialized files (Serialized files now loaded: 0)
System memory in use before: 205.1 MB.
System memory in use after: 205.2 MB.

Unloading 36 unused Assets to reduce memory usage. Loaded Objects now: 2068.
Total: 38.567138 ms (FindLiveObjects: 0.168919 ms CreateObjectMapping: 0.077681 ms MarkObjects: 38.288659 ms  DeleteObjects: 0.030046 ms)

========================================================================
Received Prepare
Registering precompiled user dll's ...
Registered in 0.005497 seconds.
Begin MonoManager ReloadAssembly
Native extension for WindowsStandalone target not found
Refreshing native plugins compatible for Editor in 1.15 ms, found 0 plugins.
Preloading 0 native plugins for Editor in 0.00 ms.
UnityIAP: [InitializeOnLoad] Facebook Check
UnityIAP: Runtime [2021.1.0b4]
UnityIAP: Current Build is Standalone:StandaloneWindows
UnityIAP: stub FacebookStore.dll disabled
Mono: successfully reloaded assembly
- Completed reload, in  6.910 seconds
Platform modules already initialized, skipping
Refreshing native plugins compatible for Editor in 22.54 ms, found 0 plugins.
Preloading 0 native plugins for Editor in 0.00 ms.
Unloading 1624 Unused Serialized files (Serialized files now loaded: 0)
System memory in use before: 205.1 MB.
System memory in use after: 205.2 MB.

Unloading 36 unused Assets to reduce memory usage. Loaded Objects now: 2070.
Total: 51.330268 ms (FindLiveObjects: 0.169652 ms CreateObjectMapping: 0.077681 ms MarkObjects: 51.049224 ms  DeleteObjects: 0.031879 ms)

========================================================================
Received Prepare
Registering precompiled user dll's ...
Registered in 0.005722 seconds.
Begin MonoManager ReloadAssembly
Native extension for WindowsStandalone target not found
Refreshing native plugins compatible for Editor in 1.28 ms, found 0 plugins.
Preloading 0 native plugins for Editor in 0.00 ms.
UnityIAP: [InitializeOnLoad] Facebook Check
UnityIAP: Runtime [2021.1.0b4]
UnityIAP: Current Build is Standalone:StandaloneWindows
UnityIAP: stub FacebookStore.dll disabled
Mono: successfully reloaded assembly
- Completed reload, in  6.913 seconds
Platform modules already initialized, skipping
Refreshing native plugins compatible for Editor in 1.62 ms, found 0 plugins.
Preloading 0 native plugins for Editor in 0.00 ms.
Unloading 1624 Unused Serialized files (Serialized files now loaded: 0)
System memory in use before: 205.1 MB.
System memory in use after: 205.2 MB.

Unloading 36 unused Assets to reduce memory usage. Loaded Objects now: 2072.
Total: 267.630008 ms (FindLiveObjects: 0.169652 ms CreateObjectMapping: 0.080612 ms MarkObjects: 267.348232 ms  DeleteObjects: 0.029314 ms)

========================================================================
Received Prepare
Registering precompiled user dll's ...
Registered in 0.004972 seconds.
Begin MonoManager ReloadAssembly
Native extension for WindowsStandalone target not found
Refreshing native plugins compatible for Editor in 1.19 ms, found 0 plugins.
Preloading 0 native plugins for Editor in 0.00 ms.
UnityIAP: [InitializeOnLoad] Facebook Check
UnityIAP: Runtime [2021.1.0b4]
UnityIAP: Current Build is Standalone:StandaloneWindows
UnityIAP: stub FacebookStore.dll disabled
Mono: successfully reloaded assembly
- Completed reload, in  6.858 seconds
Platform modules already initialized, skipping
Refreshing native plugins compatible for Editor in 1.69 ms, found 0 plugins.
Preloading 0 native plugins for Editor in 0.00 ms.
Unloading 1624 Unused Serialized files (Serialized files now loaded: 0)
System memory in use before: 205.1 MB.
System memory in use after: 205.2 MB.

Unloading 36 unused Assets to reduce memory usage. Loaded Objects now: 2074.
Total: 201.770100 ms (FindLiveObjects: 0.166721 ms CreateObjectMapping: 0.076948 ms MarkObjects: 201.486491 ms  DeleteObjects: 0.037741 ms)

========================================================================
Received Prepare
Registering precompiled user dll's ...
Registered in 0.005045 seconds.
Begin MonoManager ReloadAssembly
Native extension for WindowsStandalone target not found
Refreshing native plugins compatible for Editor in 1.15 ms, found 0 plugins.
Preloading 0 native plugins for Editor in 0.00 ms.
UnityIAP: [InitializeOnLoad] Facebook Check
UnityIAP: Runtime [2021.1.0b4]
UnityIAP: Current Build is Standalone:StandaloneWindows
UnityIAP: stub FacebookStore.dll disabled
Mono: successfully reloaded assembly
- Completed reload, in  6.894 seconds
Platform modules already initialized, skipping
Refreshing native plugins compatible for Editor in 7.38 ms, found 0 plugins.
Preloading 0 native plugins for Editor in 0.00 ms.
Unloading 1624 Unused Serialized files (Serialized files now loaded: 0)
System memory in use before: 205.1 MB.
System memory in use after: 205.2 MB.

Unloading 36 unused Assets to reduce memory usage. Loaded Objects now: 2076.
Total: 36.914585 ms (FindLiveObjects: 0.174782 ms CreateObjectMapping: 0.077681 ms MarkObjects: 36.616686 ms  DeleteObjects: 0.043238 ms)

========================================================================
Received Prepare
Registering precompiled user dll's ...
Registered in 0.005161 seconds.
Begin MonoManager ReloadAssembly
Native extension for WindowsStandalone target not found
Refreshing native plugins compatible for Editor in 1.24 ms, found 0 plugins.
Preloading 0 native plugins for Editor in 0.00 ms.
UnityIAP: [InitializeOnLoad] Facebook Check
UnityIAP: Runtime [2021.1.0b4]
UnityIAP: Current Build is Standalone:StandaloneWindows
UnityIAP: stub FacebookStore.dll disabled
Mono: successfully reloaded assembly
- Completed reload, in  6.919 seconds
Platform modules already initialized, skipping
Refreshing native plugins compatible for Editor in 8.99 ms, found 0 plugins.
Preloading 0 native plugins for Editor in 0.00 ms.
Unloading 1624 Unused Serialized files (Serialized files now loaded: 0)
System memory in use before: 205.1 MB.
System memory in use after: 205.2 MB.

Unloading 36 unused Assets to reduce memory usage. Loaded Objects now: 2078.
Total: 19.967674 ms (FindLiveObjects: 0.167820 ms CreateObjectMapping: 0.077681 ms MarkObjects: 19.686264 ms  DeleteObjects: 0.033711 ms)

========================================================================
Received Prepare
Registering precompiled user dll's ...
Registered in 0.004822 seconds.
Begin MonoManager ReloadAssembly
Native extension for WindowsStandalone target not found
Refreshing native plugins compatible for Editor in 1.09 ms, found 0 plugins.
Preloading 0 native plugins for Editor in 0.00 ms.
UnityIAP: [InitializeOnLoad] Facebook Check
UnityIAP: Runtime [2021.1.0b4]
UnityIAP: Current Build is Standalone:StandaloneWindows
UnityIAP: stub FacebookStore.dll disabled
Mono: successfully reloaded assembly
- Completed reload, in  6.740 seconds
Platform modules already initialized, skipping
Refreshing native plugins compatible for Editor in 1.82 ms, found 0 plugins.
Preloading 0 native plugins for Editor in 0.00 ms.
Unloading 1624 Unused Serialized files (Serialized files now loaded: 0)
System memory in use before: 205.1 MB.
System memory in use after: 205.2 MB.

Unloading 36 unused Assets to reduce memory usage. Loaded Objects now: 2080.
Total: 21.920691 ms (FindLiveObjects: 0.165255 ms CreateObjectMapping: 0.077681 ms MarkObjects: 21.646976 ms  DeleteObjects: 0.028581 ms)

========================================================================
Received Import Request.
  Time since last request: 843.632085 seconds.
  path: Assets/Scripts/FoodHandler.cs
  artifactKey: Guid(ba76c9708edc7a24c96a198f44b97e24) Importer(815301076,1909f56bfc062723c751e8b465ee728b)
Start importing Assets/Scripts/FoodHandler.cs using Guid(ba76c9708edc7a24c96a198f44b97e24) Importer(815301076,1909f56bfc062723c751e8b465ee728b)  -> (artifact id: '57869483cf6db1d95e42dc1fd17112ee') in 0.013519 seconds 
========================================================================
Received Import Request.
  Time since last request: 2.995261 seconds.
  path: Assets/Scripts/PlayerTag.cs
  artifactKey: Guid(78659c3ea76e00b418ee0cfb1dc4ef1c) Importer(815301076,1909f56bfc062723c751e8b465ee728b)
Start importing Assets/Scripts/PlayerTag.cs using Guid(78659c3ea76e00b418ee0cfb1dc4ef1c) Importer(815301076,1909f56bfc062723c751e8b465ee728b)  -> (artifact id: '86434d86e95a985d41e6e2edb6ad5ab3') in 0.005035 seconds 
========================================================================
Received Prepare
Registering precompiled user dll's ...
Registered in 0.005655 seconds.
Begin MonoManager ReloadAssembly
Native extension for WindowsStandalone target not found
Refreshing native plugins compatible for Editor in 1.11 ms, found 0 plugins.
Preloading 0 native plugins for Editor in 0.00 ms.
UnityIAP: [InitializeOnLoad] Facebook Check
UnityIAP: Runtime [2021.1.0b4]
UnityIAP: Current Build is Standalone:StandaloneWindows
UnityIAP: stub FacebookStore.dll disabled
Mono: successfully reloaded assembly
- Completed reload, in  6.925 seconds
Platform modules already initialized, skipping
Refreshing native plugins compatible for Editor in 2.27 ms, found 0 plugins.
Preloading 0 native plugins for Editor in 0.00 ms.
Unloading 1624 Unused Serialized files (Serialized files now loaded: 0)
System memory in use before: 205.1 MB.
System memory in use after: 205.2 MB.

Unloading 36 unused Assets to reduce memory usage. Loaded Objects now: 2082.
Total: 198.020528 ms (FindLiveObjects: 0.249898 ms CreateObjectMapping: 0.138507 ms MarkObjects: 197.581923 ms  DeleteObjects: 0.048001 ms)

========================================================================
Received Prepare
Refreshing native plugins compatible for Editor in 53.63 ms, found 0 plugins.
Preloading 0 native plugins for Editor in 0.00 ms.
Unloading 34 Unused Serialized files (Serialized files now loaded: 0)
System memory in use before: 173.5 MB.
System memory in use after: 173.6 MB.

Unloading 34 unused Assets to reduce memory usage. Loaded Objects now: 2082.
Total: 11.295253 ms (FindLiveObjects: 0.168919 ms CreateObjectMapping: 0.078414 ms MarkObjects: 11.018973 ms  DeleteObjects: 0.026749 ms)

========================================================================
Received Prepare
Refreshing native plugins compatible for Editor in 27.40 ms, found 0 plugins.
Preloading 0 native plugins for Editor in 0.00 ms.
Unloading 34 Unused Serialized files (Serialized files now loaded: 0)
System memory in use before: 173.5 MB.
System memory in use after: 173.6 MB.

Unloading 34 unused Assets to reduce memory usage. Loaded Objects now: 2082.
Total: 30.136187 ms (FindLiveObjects: 0.185775 ms CreateObjectMapping: 0.077315 ms MarkObjects: 29.844151 ms  DeleteObjects: 0.026382 ms)

========================================================================
Received Prepare
Refreshing native plugins compatible for Editor in 23.94 ms, found 0 plugins.
Preloading 0 native plugins for Editor in 0.00 ms.
Unloading 34 Unused Serialized files (Serialized files now loaded: 0)
System memory in use before: 173.5 MB.
System memory in use after: 173.6 MB.

Unloading 34 unused Assets to reduce memory usage. Loaded Objects now: 2082.
Total: 27.049101 ms (FindLiveObjects: 0.181744 ms CreateObjectMapping: 0.076582 ms MarkObjects: 26.747172 ms  DeleteObjects: 0.041039 ms)

========================================================================
Received Prepare
Refreshing native plugins compatible for Editor in 28.57 ms, found 0 plugins.
Preloading 0 native plugins for Editor in 0.00 ms.
Unloading 34 Unused Serialized files (Serialized files now loaded: 0)
System memory in use before: 173.5 MB.
System memory in use after: 173.6 MB.

Unloading 34 unused Assets to reduce memory usage. Loaded Objects now: 2082.
Total: 39.244648 ms (FindLiveObjects: 0.185042 ms CreateObjectMapping: 0.077681 ms MarkObjects: 38.939054 ms  DeleteObjects: 0.040673 ms)

AssetImportWorkerClient::OnTransportError - code=2 error=End of file
